<?xml version="1.0" encoding="UTF-8"?>
<!-- Generated by org.testng.reporters.JUnitXMLReporter -->
<testsuite hostname="PURNA-PC" ignored="10" name="Test" tests="9" failures="0" timestamp="29 Sep 2019 16:07:55 GMT" time="81.555" errors="0">
  <testcase name="Title_Verification" time="3.847" classname="com.Bookingshop.testcases.TC_001_Shop_verify"/>
  <testcase name="count_slides" time="5.917" classname="com.Bookingshop.testcases.TC_001_Shop_verify"/>
  <testcase name="Additem" time="7.824" classname="com.Bookingshop.testcases.TC_002_Addtocart"/>
  <testcase name="Addbasket" time="7.237" classname="com.Bookingshop.testcases.TC_002_Addtocart"/>
  <testcase name="imageclick" time="5.11" classname="com.Bookingshop.testcases.TC_002_Addtocart"/>
  <testcase name="popup" time="15.224" classname="com.Bookingshop.testcases.TC_002_Addtocart"/>
  <testcase name="Basket" time="17.612" classname="com.Bookingshop.testcases.TC_003_ViewBasket"/>
  <testcase name="checkoutpage" time="8.339" classname="com.Bookingshop.testcases.TC_004_Checkout"/>
  <testcase name="ShippinDetails" time="7.068" classname="com.Bookingshop.testcases.TC_005_ShippingAddress"/>
  <testcase name="@BeforeSuite setUp" time="0.0" classname="com.Bookingshop.testcases.BaseClass">
    <ignored/>
  </testcase> <!-- @BeforeSuite setUp -->
  <testcase name="@BeforeSuite setUp" time="0.0" classname="com.Bookingshop.testcases.BaseClass">
    <ignored/>
  </testcase> <!-- @BeforeSuite setUp -->
  <testcase name="@BeforeSuite setUp" time="0.0" classname="com.Bookingshop.testcases.BaseClass">
    <ignored/>
  </testcase> <!-- @BeforeSuite setUp -->
  <testcase name="@BeforeSuite setUp" time="0.0" classname="com.Bookingshop.testcases.BaseClass">
    <ignored/>
  </testcase> <!-- @BeforeSuite setUp -->
  <testcase name="@BeforeSuite setUp" time="0.0" classname="com.Bookingshop.testcases.BaseClass">
    <ignored/>
  </testcase> <!-- @BeforeSuite setUp -->
  <testcase name="@AfterSuite tearDown" time="0.0" classname="com.Bookingshop.testcases.BaseClass">
    <ignored/>
  </testcase> <!-- @AfterSuite tearDown -->
  <testcase name="@AfterSuite tearDown" time="0.0" classname="com.Bookingshop.testcases.BaseClass">
    <ignored/>
  </testcase> <!-- @AfterSuite tearDown -->
  <testcase name="@AfterSuite tearDown" time="0.0" classname="com.Bookingshop.testcases.BaseClass">
    <ignored/>
  </testcase> <!-- @AfterSuite tearDown -->
  <testcase name="@AfterSuite tearDown" time="0.0" classname="com.Bookingshop.testcases.BaseClass">
    <ignored/>
  </testcase> <!-- @AfterSuite tearDown -->
  <testcase name="@AfterSuite tearDown" time="0.0" classname="com.Bookingshop.testcases.BaseClass">
    <ignored/>
  </testcase> <!-- @AfterSuite tearDown -->
</testsuite> <!-- Test -->
