<?xml version="1.0" encoding="UTF-8"?>
<!-- Generated by org.testng.reporters.JUnitXMLReporter -->
<testsuite ignored="10" hostname="PURNA-PC" failures="0" tests="9" name="Test" time="78.96" errors="0" timestamp="29 Sep 2019 16:38:13 GMT">
  <testcase classname="com.Bookingshop.testcases.TC_001_Shop_verify" name="Title_Verification" time="10.008"/>
  <testcase classname="com.Bookingshop.testcases.TC_001_Shop_verify" name="count_slides" time="7.071"/>
  <testcase classname="com.Bookingshop.testcases.TC_002_Addtocart" name="Additem" time="7.806"/>
  <testcase classname="com.Bookingshop.testcases.TC_002_Addtocart" name="Addbasket" time="4.569"/>
  <testcase classname="com.Bookingshop.testcases.TC_002_Addtocart" name="imageclick" time="0.117"/>
  <testcase classname="com.Bookingshop.testcases.TC_002_Addtocart" name="popup" time="10.202"/>
  <testcase classname="com.Bookingshop.testcases.TC_003_ViewBasket" name="Basket" time="18.534"/>
  <testcase classname="com.Bookingshop.testcases.TC_004_Checkout" name="checkoutpage" time="9.034"/>
  <testcase classname="com.Bookingshop.testcases.TC_005_ShippingAddress" name="ShippinDetails" time="7.187"/>
  <testcase classname="com.Bookingshop.testcases.BaseClass" name="@BeforeSuite setUp" time="0.0">
    <ignored/>
  </testcase> <!-- @BeforeSuite setUp -->
  <testcase classname="com.Bookingshop.testcases.BaseClass" name="@BeforeSuite setUp" time="0.0">
    <ignored/>
  </testcase> <!-- @BeforeSuite setUp -->
  <testcase classname="com.Bookingshop.testcases.BaseClass" name="@BeforeSuite setUp" time="0.0">
    <ignored/>
  </testcase> <!-- @BeforeSuite setUp -->
  <testcase classname="com.Bookingshop.testcases.BaseClass" name="@BeforeSuite setUp" time="0.0">
    <ignored/>
  </testcase> <!-- @BeforeSuite setUp -->
  <testcase classname="com.Bookingshop.testcases.BaseClass" name="@BeforeSuite setUp" time="0.0">
    <ignored/>
  </testcase> <!-- @BeforeSuite setUp -->
  <testcase classname="com.Bookingshop.testcases.BaseClass" name="@AfterSuite tearDown" time="0.0">
    <ignored/>
  </testcase> <!-- @AfterSuite tearDown -->
  <testcase classname="com.Bookingshop.testcases.BaseClass" name="@AfterSuite tearDown" time="0.0">
    <ignored/>
  </testcase> <!-- @AfterSuite tearDown -->
  <testcase classname="com.Bookingshop.testcases.BaseClass" name="@AfterSuite tearDown" time="0.0">
    <ignored/>
  </testcase> <!-- @AfterSuite tearDown -->
  <testcase classname="com.Bookingshop.testcases.BaseClass" name="@AfterSuite tearDown" time="0.0">
    <ignored/>
  </testcase> <!-- @AfterSuite tearDown -->
  <testcase classname="com.Bookingshop.testcases.BaseClass" name="@AfterSuite tearDown" time="0.0">
    <ignored/>
  </testcase> <!-- @AfterSuite tearDown -->
</testsuite> <!-- Test -->
