<?xml version="1.0" encoding="UTF-8"?>
<testsuite xmlns:xsi="http://www.w3.org/2001/XMLSchema-instance" xsi:schemaLocation="https://maven.apache.org/surefire/maven-surefire-plugin/xsd/surefire-test-report.xsd" name="TestSuite" time="113.034" tests="9" errors="0" skipped="0" failures="0">
  <properties>
[...]
</properties>
  <testcase name="Title_Verification" classname="com.Bookingshop.testcases.TC_001_Shop_verify" time="10.022"/>
  <testcase name="count_slides" classname="com.Bookingshop.testcases.TC_001_Shop_verify" time="7.072"/>
  <testcase name="Additem" classname="com.Bookingshop.testcases.TC_002_Addtocart" time="7.807"/>
  <testcase name="Addbasket" classname="com.Bookingshop.testcases.TC_002_Addtocart" time="4.571"/>
  <testcase name="imageclick" classname="com.Bookingshop.testcases.TC_002_Addtocart" time="0.116"/>
  <testcase name="popup" classname="com.Bookingshop.testcases.TC_002_Addtocart" time="10.204"/>
  <testcase name="Basket" classname="com.Bookingshop.testcases.TC_003_ViewBasket" time="18.535"/>
  <testcase name="checkoutpage" classname="com.Bookingshop.testcases.TC_004_Checkout" time="9.04"/>
  <testcase name="ShippinDetails" classname="com.Bookingshop.testcases.TC_005_ShippingAddress" time="7.189"/>
</testsuite>