<?xml version="1.0" encoding="UTF-8"?>
<testng-results ignored="10" total="19" passed="9" failed="0" skipped="0">
  <reporter-output>
  </reporter-output>
  <suite started-at="2019-09-29T16:36:53Z" name="Suite" finished-at="2019-09-29T16:38:12Z" duration-ms="78960">
    <groups>
    </groups>
    <test started-at="2019-09-29T16:36:53Z" name="Test" finished-at="2019-09-29T16:38:12Z" duration-ms="78960">
      <class name="com.Bookingshop.testcases.TC_002_Addtocart">
        <test-method signature="Additem()[pri:3, instance:com.Bookingshop.testcases.TC_002_Addtocart@32cf48b7]" started-at="2019-09-29T09:37:13Z" name="Additem" finished-at="2019-09-29T09:37:21Z" duration-ms="7806" status="PASS">
          <reporter-output>
          </reporter-output>
        </test-method> <!-- Additem -->
        <test-method signature="Addbasket()[pri:4, instance:com.Bookingshop.testcases.TC_002_Addtocart@32cf48b7]" started-at="2019-09-29T09:37:21Z" name="Addbasket" finished-at="2019-09-29T09:37:25Z" duration-ms="4569" status="PASS">
          <reporter-output>
          </reporter-output>
        </test-method> <!-- Addbasket -->
        <test-method signature="imageclick()[pri:5, instance:com.Bookingshop.testcases.TC_002_Addtocart@32cf48b7]" started-at="2019-09-29T09:37:25Z" name="imageclick" finished-at="2019-09-29T09:37:25Z" duration-ms="117" status="PASS">
          <reporter-output>
          </reporter-output>
        </test-method> <!-- imageclick -->
        <test-method signature="popup()[pri:6, instance:com.Bookingshop.testcases.TC_002_Addtocart@32cf48b7]" started-at="2019-09-29T09:37:25Z" name="popup" finished-at="2019-09-29T09:37:35Z" duration-ms="10202" status="PASS">
          <reporter-output>
          </reporter-output>
        </test-method> <!-- popup -->
      </class> <!-- com.Bookingshop.testcases.TC_002_Addtocart -->
      <class name="com.Bookingshop.testcases.TC_001_Shop_verify">
        <test-method signature="Title_Verification()[pri:1, instance:com.Bookingshop.testcases.TC_001_Shop_verify@517cd4b]" started-at="2019-09-29T09:36:56Z" name="Title_Verification" finished-at="2019-09-29T09:37:06Z" duration-ms="10008" status="PASS">
          <reporter-output>
          </reporter-output>
        </test-method> <!-- Title_Verification -->
        <test-method signature="count_slides()[pri:2, instance:com.Bookingshop.testcases.TC_001_Shop_verify@517cd4b]" started-at="2019-09-29T09:37:06Z" name="count_slides" finished-at="2019-09-29T09:37:13Z" duration-ms="7071" status="PASS">
          <reporter-output>
          </reporter-output>
        </test-method> <!-- count_slides -->
      </class> <!-- com.Bookingshop.testcases.TC_001_Shop_verify -->
      <class name="com.Bookingshop.testcases.BaseClass">
        <test-method is-config="true" signature="setUp()[pri:0, instance:com.Bookingshop.testcases.BaseClass@1ee807c6]" started-at="2019-09-29T09:36:24Z" name="setUp" finished-at="2019-09-29T09:36:53Z" duration-ms="29741" status="PASS">
          <reporter-output>
          </reporter-output>
        </test-method> <!-- setUp -->
        <test-method is-config="true" signature="tearDown()[pri:0, instance:com.Bookingshop.testcases.BaseClass@1ee807c6]" started-at="2019-09-29T09:38:13Z" name="tearDown" finished-at="2019-09-29T09:38:16Z" duration-ms="2344" status="PASS">
          <reporter-output>
          </reporter-output>
        </test-method> <!-- tearDown -->
      </class> <!-- com.Bookingshop.testcases.BaseClass -->
      <class name="com.Bookingshop.testcases.TC_004_Checkout">
        <test-method signature="checkoutpage()[pri:8, instance:com.Bookingshop.testcases.TC_004_Checkout@76a4d6c]" started-at="2019-09-29T09:37:54Z" name="checkoutpage" finished-at="2019-09-29T09:38:03Z" duration-ms="9034" status="PASS">
          <reporter-output>
          </reporter-output>
        </test-method> <!-- checkoutpage -->
      </class> <!-- com.Bookingshop.testcases.TC_004_Checkout -->
      <class name="com.Bookingshop.testcases.TC_005_ShippingAddress">
        <test-method signature="ShippinDetails(java.lang.String, java.lang.String, java.lang.String, java.lang.String, java.lang.String, java.lang.String, java.lang.String)[pri:9, instance:com.Bookingshop.testcases.TC_005_ShippingAddress@6cc7b4de]" started-at="2019-09-29T09:38:05Z" name="ShippinDetails" data-provider="registerdata" finished-at="2019-09-29T09:38:12Z" duration-ms="7187" status="PASS">
          <params>
            <param index="0">
              <value>
                <![CDATA[purna]]>
              </value>
            </param>
            <param index="1">
              <value>
                <![CDATA[challa]]>
              </value>
            </param>
            <param index="2">
              <value>
                <![CDATA[naidupcn119@gmail.com]]>
              </value>
            </param>
            <param index="3">
              <value>
                <![CDATA[8121950273]]>
              </value>
            </param>
            <param index="4">
              <value>
                <![CDATA[hyderabad]]>
              </value>
            </param>
            <param index="5">
              <value>
                <![CDATA[Guntur]]>
              </value>
            </param>
            <param index="6">
              <value>
                <![CDATA[522403]]>
              </value>
            </param>
          </params>
          <reporter-output>
          </reporter-output>
        </test-method> <!-- ShippinDetails -->
      </class> <!-- com.Bookingshop.testcases.TC_005_ShippingAddress -->
      <class name="com.Bookingshop.testcases.TC_003_ViewBasket">
        <test-method signature="Basket()[pri:7, instance:com.Bookingshop.testcases.TC_003_ViewBasket@679b62af]" started-at="2019-09-29T09:37:35Z" name="Basket" finished-at="2019-09-29T09:37:54Z" duration-ms="18534" status="PASS">
          <reporter-output>
          </reporter-output>
        </test-method> <!-- Basket -->
      </class> <!-- com.Bookingshop.testcases.TC_003_ViewBasket -->
    </test> <!-- Test -->
  </suite> <!-- Suite -->
</testng-results>
