<?xml version="1.0" encoding="UTF-8"?>
<testng-results skipped="0" failed="0" ignored="10" total="19" passed="9">
  <reporter-output>
  </reporter-output>
  <suite name="Suite" duration-ms="81555" started-at="2019-09-29T16:06:33Z" finished-at="2019-09-29T16:07:55Z">
    <groups>
    </groups>
    <test name="Test" duration-ms="81555" started-at="2019-09-29T16:06:33Z" finished-at="2019-09-29T16:07:55Z">
      <class name="com.Bookingshop.testcases.TC_002_Addtocart">
        <test-method status="PASS" signature="Additem()[pri:3, instance:com.Bookingshop.testcases.TC_002_Addtocart@72d818d1]" name="Additem" duration-ms="7824" started-at="2019-09-29T09:06:44Z" finished-at="2019-09-29T09:06:52Z">
          <reporter-output>
          </reporter-output>
        </test-method> <!-- Additem -->
        <test-method status="PASS" signature="Addbasket()[pri:4, instance:com.Bookingshop.testcases.TC_002_Addtocart@72d818d1]" name="Addbasket" duration-ms="7237" started-at="2019-09-29T09:06:52Z" finished-at="2019-09-29T09:06:59Z">
          <reporter-output>
          </reporter-output>
        </test-method> <!-- Addbasket -->
        <test-method status="PASS" signature="imageclick()[pri:5, instance:com.Bookingshop.testcases.TC_002_Addtocart@72d818d1]" name="imageclick" duration-ms="5110" started-at="2019-09-29T09:06:59Z" finished-at="2019-09-29T09:07:04Z">
          <reporter-output>
          </reporter-output>
        </test-method> <!-- imageclick -->
        <test-method status="PASS" signature="popup()[pri:6, instance:com.Bookingshop.testcases.TC_002_Addtocart@72d818d1]" name="popup" duration-ms="15224" started-at="2019-09-29T09:07:04Z" finished-at="2019-09-29T09:07:20Z">
          <reporter-output>
          </reporter-output>
        </test-method> <!-- popup -->
      </class> <!-- com.Bookingshop.testcases.TC_002_Addtocart -->
      <class name="com.Bookingshop.testcases.TC_001_Shop_verify">
        <test-method status="PASS" signature="Title_Verification()[pri:1, instance:com.Bookingshop.testcases.TC_001_Shop_verify@56ac3a89]" name="Title_Verification" duration-ms="3847" started-at="2019-09-29T09:06:34Z" finished-at="2019-09-29T09:06:38Z">
          <reporter-output>
          </reporter-output>
        </test-method> <!-- Title_Verification -->
        <test-method status="PASS" signature="count_slides()[pri:2, instance:com.Bookingshop.testcases.TC_001_Shop_verify@56ac3a89]" name="count_slides" duration-ms="5917" started-at="2019-09-29T09:06:38Z" finished-at="2019-09-29T09:06:44Z">
          <reporter-output>
          </reporter-output>
        </test-method> <!-- count_slides -->
      </class> <!-- com.Bookingshop.testcases.TC_001_Shop_verify -->
      <class name="com.Bookingshop.testcases.BaseClass">
        <test-method status="PASS" signature="setUp()[pri:0, instance:com.Bookingshop.testcases.BaseClass@1e397ed7]" name="setUp" is-config="true" duration-ms="26700" started-at="2019-09-29T09:06:07Z" finished-at="2019-09-29T09:06:33Z">
          <reporter-output>
          </reporter-output>
        </test-method> <!-- setUp -->
        <test-method status="PASS" signature="tearDown()[pri:0, instance:com.Bookingshop.testcases.BaseClass@1e397ed7]" name="tearDown" is-config="true" duration-ms="8814" started-at="2019-09-29T09:07:56Z" finished-at="2019-09-29T09:08:05Z">
          <reporter-output>
          </reporter-output>
        </test-method> <!-- tearDown -->
      </class> <!-- com.Bookingshop.testcases.BaseClass -->
      <class name="com.Bookingshop.testcases.TC_004_Checkout">
        <test-method status="PASS" signature="checkoutpage()[pri:8, instance:com.Bookingshop.testcases.TC_004_Checkout@490ab905]" name="checkoutpage" duration-ms="8339" started-at="2019-09-29T09:07:37Z" finished-at="2019-09-29T09:07:46Z">
          <reporter-output>
          </reporter-output>
        </test-method> <!-- checkoutpage -->
      </class> <!-- com.Bookingshop.testcases.TC_004_Checkout -->
      <class name="com.Bookingshop.testcases.TC_005_ShippingAddress">
        <test-method status="PASS" signature="ShippinDetails(java.lang.String, java.lang.String, java.lang.String, java.lang.String, java.lang.String, java.lang.String, java.lang.String)[pri:9, instance:com.Bookingshop.testcases.TC_005_ShippingAddress@27c20538]" name="ShippinDetails" duration-ms="7068" started-at="2019-09-29T09:07:48Z" data-provider="registerdata" finished-at="2019-09-29T09:07:55Z">
          <params>
            <param index="0">
              <value>
                <![CDATA[purna]]>
              </value>
            </param>
            <param index="1">
              <value>
                <![CDATA[challa]]>
              </value>
            </param>
            <param index="2">
              <value>
                <![CDATA[naidupcn119@gmail.com]]>
              </value>
            </param>
            <param index="3">
              <value>
                <![CDATA[8121950273]]>
              </value>
            </param>
            <param index="4">
              <value>
                <![CDATA[hyderabad]]>
              </value>
            </param>
            <param index="5">
              <value>
                <![CDATA[Guntur]]>
              </value>
            </param>
            <param index="6">
              <value>
                <![CDATA[522403]]>
              </value>
            </param>
          </params>
          <reporter-output>
          </reporter-output>
        </test-method> <!-- ShippinDetails -->
      </class> <!-- com.Bookingshop.testcases.TC_005_ShippingAddress -->
      <class name="com.Bookingshop.testcases.TC_003_ViewBasket">
        <test-method status="PASS" signature="Basket()[pri:7, instance:com.Bookingshop.testcases.TC_003_ViewBasket@6e06451e]" name="Basket" duration-ms="17612" started-at="2019-09-29T09:07:20Z" finished-at="2019-09-29T09:07:37Z">
          <reporter-output>
          </reporter-output>
        </test-method> <!-- Basket -->
      </class> <!-- com.Bookingshop.testcases.TC_003_ViewBasket -->
    </test> <!-- Test -->
  </suite> <!-- Suite -->
</testng-results>
